2022-09-15 09:20:15,056 INFO o.a.j.u.JMeterUtils: Setting Locale to en_EN
2022-09-15 09:20:15,066 INFO o.a.j.JMeter: Loading user properties from: user.properties
2022-09-15 09:20:15,067 INFO o.a.j.JMeter: Loading system properties from: system.properties
2022-09-15 09:20:15,073 INFO o.a.j.JMeter: Copyright (c) 1998-2022 The Apache Software Foundation
2022-09-15 09:20:15,073 INFO o.a.j.JMeter: Version 5.5
2022-09-15 09:20:15,073 INFO o.a.j.JMeter: java.version=1.8.0_302
2022-09-15 09:20:15,073 INFO o.a.j.JMeter: java.vm.name=OpenJDK 64-Bit Server VM
2022-09-15 09:20:15,073 INFO o.a.j.JMeter: os.name=Windows 10
2022-09-15 09:20:15,073 INFO o.a.j.JMeter: os.arch=amd64
2022-09-15 09:20:15,073 INFO o.a.j.JMeter: os.version=10.0
2022-09-15 09:20:15,073 INFO o.a.j.JMeter: file.encoding=Cp1251
2022-09-15 09:20:15,074 INFO o.a.j.JMeter: java.awt.headless=null
2022-09-15 09:20:15,074 INFO o.a.j.JMeter: Max memory     =1073741824
2022-09-15 09:20:15,074 INFO o.a.j.JMeter: Available Processors =12
2022-09-15 09:20:15,078 INFO o.a.j.JMeter: Default Locale=English (EN)
2022-09-15 09:20:15,078 INFO o.a.j.JMeter: JMeter  Locale=English (EN)
2022-09-15 09:20:15,078 INFO o.a.j.JMeter: JMeterHome=D:\Donwloads\apache-jmeter-5.5\apache-jmeter-5.5
2022-09-15 09:20:15,078 INFO o.a.j.JMeter: user.dir  =D:\Donwloads\apache-jmeter-5.5\apache-jmeter-5.5\bin
2022-09-15 09:20:15,078 INFO o.a.j.JMeter: PWD       =D:\Donwloads\apache-jmeter-5.5\apache-jmeter-5.5\bin
2022-09-15 09:20:19,828 INFO o.a.j.JMeter: IP: 26.233.77.248 Name: DESKTOP-EFTG6LF FullName: DESKTOP-EFTG6LF
2022-09-15 09:20:19,865 INFO o.a.j.JMeter: Loaded icon properties from org/apache/jmeter/images/icon.properties
2022-09-15 09:20:20,328 INFO o.a.j.JMeterGuiLauncher: Setting LAF to: com.github.weisj.darklaf.DarkLaf:com.github.weisj.darklaf.theme.DarculaTheme
2022-09-15 09:21:38,372 INFO o.a.j.s.FileServer: Default base='D:\Donwloads\apache-jmeter-5.5\apache-jmeter-5.5\bin'
2022-09-15 09:21:38,374 INFO o.a.j.g.a.Load: Loading file: D:\Donwloads\apache-jmeter-5.5\apache-jmeter-5.5\bin\examples\testplan.jmx
2022-09-15 09:21:38,374 INFO o.a.j.s.FileServer: Set new base='D:\Donwloads\apache-jmeter-5.5\apache-jmeter-5.5\bin\examples'
2022-09-15 09:21:38,527 INFO o.a.j.s.SaveService: Testplan (JMX) version: 2.2. Testlog (JTL) version: 2.2
2022-09-15 09:21:38,559 INFO o.a.j.s.SaveService: Using SaveService properties file encoding UTF-8
2022-09-15 09:21:38,560 INFO o.a.j.s.SaveService: Using SaveService properties version 5.0
2022-09-15 09:21:38,562 INFO o.a.j.s.SaveService: Loading file: D:\Donwloads\apache-jmeter-5.5\apache-jmeter-5.5\bin\examples\testplan.jmx
2022-09-15 09:21:38,601 INFO o.a.j.p.h.c.CookieManager: Settings: Delete null: true Check: true Allow variable: true Save: false Prefix: COOKIE_
2022-09-15 09:21:38,623 INFO o.a.j.p.h.c.CacheManager: Will only cache the following methods: [GET]
2022-09-15 09:21:38,640 INFO o.a.j.p.h.s.HTTPSamplerBase: Parser for text/html is org.apache.jmeter.protocol.http.parser.LagartoBasedHtmlParser
2022-09-15 09:21:38,640 INFO o.a.j.p.h.s.HTTPSamplerBase: Parser for application/xhtml+xml is org.apache.jmeter.protocol.http.parser.LagartoBasedHtmlParser
2022-09-15 09:21:38,640 INFO o.a.j.p.h.s.HTTPSamplerBase: Parser for application/xml is org.apache.jmeter.protocol.http.parser.LagartoBasedHtmlParser
2022-09-15 09:21:38,640 INFO o.a.j.p.h.s.HTTPSamplerBase: Parser for text/xml is org.apache.jmeter.protocol.http.parser.LagartoBasedHtmlParser
2022-09-15 09:21:38,640 INFO o.a.j.p.h.s.HTTPSamplerBase: Parser for text/vnd.wap.wml is org.apache.jmeter.protocol.http.parser.RegexpHTMLParser
2022-09-15 09:21:38,640 INFO o.a.j.p.h.s.HTTPSamplerBase: Parser for text/css is org.apache.jmeter.protocol.http.parser.CssParser
2022-09-15 09:21:39,025 INFO o.a.j.s.SampleResult: Note: Sample TimeStamps are START times
2022-09-15 09:21:39,025 INFO o.a.j.s.SampleResult: sampleresult.default.encoding is set to ISO-8859-1
2022-09-15 09:21:39,025 INFO o.a.j.s.SampleResult: sampleresult.useNanoTime=true
2022-09-15 09:21:39,025 INFO o.a.j.s.SampleResult: sampleresult.nanoThreadSleep=5000
2022-09-15 09:21:39,276 INFO o.a.j.v.ViewResultsFullVisualizer: Add JavaFX to your Java installation if you want to use renderer: org.apache.jmeter.visualizers.RenderInBrowser
2022-09-15 09:21:39,369 INFO o.a.j.s.FileServer: Set new base='D:\Donwloads\apache-jmeter-5.5\apache-jmeter-5.5\bin\examples'
